POST /api/persons/ 400 42 - 9.538 ms
POST /api/persons/ 400 42 - 18.451 ms {"id":7,"name":"Kisho Tata","number":"+201212288518"}
GET /api/persons/ 200 231 - 0.414 ms -
GET /api/persons/ 200 231 - 0.337 ms -
DELETE /api/persons/2 204 - - 0.290 ms -
POST /api/persons/ 400 42 - 1.166 ms {"id":7,"name":"Kisho Tata","number":"+201212288518"}
GET / 404 28 - 2.066 ms {}
GET /persons 404 28 - 3.000 ms {}
GET /persons 404 28 - 0.329 ms {}
GET /persons 404 28 - 0.156 ms {}
GET / 404 28 - 2.169 ms {}
GET /api/persons 304 - - 0.642 ms -
GET /api/persons 304 - - 0.376 ms -
GET /api/persons 304 - - 0.196 ms -
GET /api/persons 304 - - 0.198 ms -
GET /api/persons 304 - - 0.242 ms -
GET /api/persons 304 - - 0.258 ms -
GET /api/persons 304 - - 0.274 ms -
GET /api/persons 304 - - 0.342 ms -
GET /api/persons 200 231 - 2.571 ms -
GET /api/persons 304 - - 0.427 ms -
GET /api/persons 200 231 - 2.874 ms -
GET /api/persons 304 - - 0.456 ms -
OPTIONS /api/persons 204 0 - 0.339 ms -
POST /api/persons 400 42 - 13.524 ms {"name":"kisho","number":"01212288518"}
GET /api/persons 304 - - 0.589 ms -
GET /api/persons 304 - - 0.320 ms -
GET /api/persons 304 - - 0.223 ms -
OPTIONS /api/persons 204 0 - 0.131 ms -
POST /api/persons 400 42 - 0.660 ms {"name":"kisho","number":"01212288518"}
OPTIONS /api/persons/4 204 0 - 0.101 ms -
DELETE /api/persons/4 204 - - 0.284 ms -
OPTIONS /api/persons 204 0 - 0.165 ms -
POST /api/persons 400 42 - 0.435 ms {"name":"kisho","number":"01212288518"}
OPTIONS /api/persons 204 0 - 1.103 ms -
POST /api/persons 400 42 - 0.422 ms {"name":"kisho","number":"01212288518"}
OPTIONS /api/persons 204 0 - 0.077 ms -
POST /api/persons 400 42 - 0.459 ms {"name":"kisho","number":"01212288518"}
GET /api/persons 304 - - 0.350 ms -
GET /api/persons 304 - - 0.288 ms -
GET /api/persons 304 - - 0.530 ms -
GET /api/persons 304 - - 0.273 ms -
GET /api/persons 304 - - 0.228 ms -
GET /api/persons 304 - - 0.224 ms -
GET /api/persons 304 - - 0.231 ms -
GET /api/persons 304 - - 0.595 ms -
GET /api/persons 304 - - 0.245 ms -
GET /api/persons 304 - - 0.417 ms -
GET /api/persons 304 - - 0.372 ms -
GET /api/persons 304 - - 0.240 ms -
OPTIONS /api/persons/1 204 0 - 0.134 ms -
DELETE /api/persons/1 204 - - 0.109 ms -
OPTIONS /api/persons 204 0 - 0.084 ms -
POST /api/persons 400 42 - 0.359 ms {"name":"kisho","number":"01212288518"}
GET /api/persons 304 - - 0.291 ms -
OPTIONS /api/persons 204 0 - 0.185 ms -
POST /api/persons 400 42 - 0.452 ms {"name":"kisho","number":"01212288518"}
GET /api/persons 304 - - 0.207 ms -
GET /api/persons 304 - - 0.136 ms -
OPTIONS /api/persons 204 0 - 0.113 ms -
POST /api/persons 400 42 - 0.402 ms {"name":"kisho","number":"01212288518"}
OPTIONS /api/persons 204 0 - 0.831 ms -
POST /api/persons 400 42 - 12.688 ms {"name":"kisho","number":"01212288518"}
OPTIONS /api/persons 204 0 - 0.898 ms -
POST /api/persons 200 52 - 10.518 ms {"name":"kisho","number":"01212288518"}
OPTIONS /api/persons/39PXT 204 0 - 0.315 ms -
PUT /api/persons/39PXT 404 28 - 1.023 ms {"id":"39PXT","name":"kisho","number":"01212288518"}
OPTIONS /api/persons/39PXT 204 0 - 0.087 ms -
PUT /api/persons/39PXT 404 28 - 0.656 ms {"id":"39PXT","name":"kisho","number":"01212288518"}
OPTIONS /api/persons/39PXT 204 0 - 0.884 ms -
PUT /api/persons/39PXT 404 28 - 13.095 ms {"id":"39PXT","name":"kisho","number":"01212288518"}
OPTIONS /api/persons/39PXT 204 0 - 0.274 ms -
DELETE /api/persons/39PXT 204 - - 0.225 ms -
GET /api/persons 200 231 - 0.557 ms -
GET /api/persons 304 - - 0.565 ms -
OPTIONS /api/persons 204 0 - 0.169 ms -
POST /api/persons 200 52 - 0.761 ms {"name":"kisho","number":"01212288518"}
OPTIONS /api/persons/sOIdR 204 0 - 0.181 ms -
DELETE /api/persons/sOIdR 204 - - 0.180 ms -
OPTIONS /api/persons 204 0 - 0.830 ms -
POST /api/persons 200 52 - 10.243 ms {"name":"kisho","number":"01212288518"}
OPTIONS /api/persons/uzFoK 204 0 - 0.242 ms -
DELETE /api/persons/uzFoK 204 - - 0.298 ms -
OPTIONS /api/persons 204 0 - 0.095 ms -
POST /api/persons 200 52 - 0.582 ms {"name":"kisho","number":"01212288518"}
OPTIONS /api/persons/uR0FT 204 0 - 0.176 ms -
PUT /api/persons/uR0FT 200 52 - 0.796 ms {"id":"uR0FT","name":"kisho","number":"01212288518"}
OPTIONS /api/persons/uR0FT 204 0 - 0.089 ms -
PUT /api/persons/uR0FT 200 52 - 0.451 ms {"id":"uR0FT","name":"kisho","number":"01212288518"}
OPTIONS /api/persons/uR0FT 204 0 - 0.112 ms -
PUT /api/persons/uR0FT 200 52 - 0.458 ms {"id":"uR0FT","name":"kisho","number":"01212288514"}
DELETE /api/persons/uR0FT 204 - - 0.135 ms -
